<?xml version="1.0" encoding="UTF-8"?>
<!-- Generated by org.testng.reporters.JUnitReportReporter -->
<testsuite hostname="praneeth-THINK" name="VerifySuite" tests="1" failures="0" timestamp="24 Nov 2016 17:12:56 GMT" time="10.147" errors="0">
  <testcase name="VerifyHome" time="10.147" classname="VerifySuite"/>
</testsuite> <!-- VerifySuite -->
