<?xml version="1.0" encoding="UTF-8"?>
<!-- Generated by org.testng.reporters.JUnitReportReporter -->
<testsuite hostname="praneeth-THINK" name="ExcelOperations" tests="2" failures="0" timestamp="27 Nov 2016 15:46:45 GMT" time="3.370" errors="0">
  <testcase name="excelWrite" time="0.381" classname="ExcelOperations"/>
  <testcase name="excelRead" time="2.989" classname="ExcelOperations"/>
</testsuite> <!-- ExcelOperations -->
