<?xml version="1.0" encoding="UTF-8"?>
<!-- Generated by org.testng.reporters.JUnitReportReporter -->
<testsuite hostname="praneeth-THINK" name="org.framework.selenium.pages.BasePage" tests="1" failures="0" timestamp="24 Nov 2016 17:22:23 GMT" time="6.167" errors="0">
  <testcase name="init" time="6.167" classname="org.framework.selenium.pages.BasePage"/>
</testsuite> <!-- org.framework.selenium.pages.BasePage -->
