<?xml version="1.0" encoding="UTF-8"?>
<!-- Generated by org.testng.reporters.JUnitReportReporter -->
<testsuite hostname="praneeth-THINK" name="RobotClassUpload" tests="1" failures="0" timestamp="27 Nov 2016 06:52:34 GMT" time="22.187" errors="0">
  <testcase name="Fileupload" time="22.187" classname="RobotClassUpload"/>
</testsuite> <!-- RobotClassUpload -->
