<?xml version="1.0" encoding="UTF-8"?>
<!-- Generated by org.testng.reporters.JUnitReportReporter -->
<testsuite hostname="praneeth-THINK" name="org.framework.resource.ExcelDataSetReader" tests="1" failures="0" timestamp="28 Nov 2016 12:32:22 GMT" time="1.083" errors="0">
  <testcase name="readExcelDataSet" time="1.083" classname="org.framework.resource.ExcelDataSetReader"/>
</testsuite> <!-- org.framework.resource.ExcelDataSetReader -->
