<?xml version="1.0" encoding="UTF-8"?>
<!-- Generated by org.testng.reporters.JUnitReportReporter -->
<testsuite hostname="praneeth-THINK" name="org.framework.selenium.pages.SignInPage" tests="1" failures="0" timestamp="22 Nov 2016 07:48:48 GMT" time="13.756" errors="0">
  <testcase name="getTitle" time="13.756" classname="org.framework.selenium.pages.SignInPage"/>
</testsuite> <!-- org.framework.selenium.pages.SignInPage -->
